TN:
SF:src/http.js
FN:1,core
FN:4,(anonymous_1)
FN:7,(anonymous_2)
FN:14,(anonymous_3)
FN:15,(anonymous_4)
FN:18,(anonymous_5)
FN:19,(anonymous_6)
FN:20,(anonymous_7)
FNF:8
FNH:0
FNDA:0,core
FNDA:0,(anonymous_1)
FNDA:0,(anonymous_2)
FNDA:0,(anonymous_3)
FNDA:0,(anonymous_4)
FNDA:0,(anonymous_5)
FNDA:0,(anonymous_6)
FNDA:0,(anonymous_7)
DA:2,0
DA:3,0
DA:4,0
DA:5,0
DA:7,0
DA:8,0
DA:10,0
DA:16,0
LF:8
LH:0
BRDA:5,0,0,0
BRDA:5,0,1,0
BRDA:8,1,0,0
BRDA:8,1,1,0
BRF:4
BRH:0
end_of_record
TN:
SF:src/validate.js
FN:2,(anonymous_0)
FN:6,(anonymous_1)
FN:8,(anonymous_2)
FN:10,(anonymous_3)
FN:21,(anonymous_4)
FN:22,(anonymous_5)
FN:38,(anonymous_6)
FN:44,(anonymous_7)
FN:53,(anonymous_8)
FN:59,(anonymous_9)
FN:65,(anonymous_10)
FNF:11
FNH:11
FNDA:1,(anonymous_0)
FNDA:15,(anonymous_1)
FNDA:15,(anonymous_2)
FNDA:15,(anonymous_3)
FNDA:40,(anonymous_4)
FNDA:16,(anonymous_5)
FNDA:9,(anonymous_6)
FNDA:6,(anonymous_7)
FNDA:2,(anonymous_8)
FNDA:2,(anonymous_9)
FNDA:13,(anonymous_10)
DA:3,1
DA:9,15
DA:10,15
DA:11,15
DA:12,15
DA:13,9
DA:14,9
DA:15,2
DA:16,2
DA:17,2
DA:21,40
DA:22,13
DA:24,16
DA:25,14
DA:26,14
DA:27,11
DA:28,11
DA:31,2
DA:35,13
DA:39,9
DA:40,2
DA:45,6
DA:46,4
DA:48,6
DA:49,4
DA:54,2
DA:55,1
DA:60,2
DA:61,2
DA:66,13
DA:67,11
LF:31
LH:31
BRDA:12,0,0,9
BRDA:12,0,1,6
BRDA:14,1,0,2
BRDA:14,1,1,7
BRDA:21,2,0,40
BRDA:21,2,1,27
BRDA:24,3,0,14
BRDA:24,3,1,2
BRDA:26,4,0,11
BRDA:26,4,1,3
BRDA:39,5,0,2
BRDA:39,5,1,7
BRDA:39,6,0,9
BRDA:39,6,1,8
BRDA:45,7,0,4
BRDA:45,7,1,2
BRDA:48,8,0,4
BRDA:48,8,1,2
BRDA:54,9,0,1
BRDA:54,9,1,1
BRDA:60,10,0,2
BRDA:60,10,1,0
BRDA:66,11,0,11
BRDA:66,11,1,2
BRF:24
BRH:23
end_of_record
TN:
SF:src/cascader/click-outside.js
FN:1,(anonymous_0)
FN:3,(anonymous_1)
FN:14,(anonymous_2)
FNF:3
FNH:1
FNDA:0,(anonymous_0)
FNDA:0,(anonymous_1)
FNDA:3,(anonymous_2)
DA:1,1
DA:2,0
DA:3,0
DA:4,0
DA:5,0
DA:9,1
DA:11,1
DA:15,3
LF:8
LH:4
BRDA:4,0,0,0
BRDA:4,0,1,0
BRDA:4,1,0,0
BRDA:4,1,1,0
BRF:4
BRH:0
end_of_record
TN:
SF:src/icon/svg.js
FN:1,(anonymous_0)
FN:1,(anonymous_1)
FN:1,(anonymous_2)
FN:1,(anonymous_3)
FN:1,(anonymous_4)
FN:1,l
FN:1,(anonymous_6)
FNF:7
FNH:4
FNDA:5,(anonymous_0)
FNDA:5,(anonymous_1)
FNDA:5,(anonymous_2)
FNDA:0,(anonymous_3)
FNDA:0,(anonymous_4)
FNDA:0,l
FNDA:5,(anonymous_6)
DA:1,5
LF:1
LH:1
BRDA:1,0,0,0
BRDA:1,0,1,5
BRDA:1,1,0,5
BRDA:1,1,1,0
BRDA:1,2,0,0
BRDA:1,2,1,0
BRDA:1,3,0,5
BRDA:1,3,1,0
BRDA:1,4,0,0
BRDA:1,4,1,5
BRDA:1,5,0,0
BRDA:1,5,1,0
BRDA:1,6,0,0
BRDA:1,6,1,0
BRDA:1,7,0,0
BRDA:1,7,1,0
BRDA:1,8,0,5
BRDA:1,8,1,5
BRDA:1,9,0,5
BRDA:1,9,1,0
BRF:20
BRH:7
end_of_record
